<?xml version="1.0" encoding="UTF-8"?>
<!-- Generated by org.testng.reporters.JUnitReportReporter -->
<testsuite skipped="0" hostname="DESKTOP-T85BO9F" name="test_Scripts.Olx_TC_01" tests="1" failures="0" timestamp="30 Nov 2022 06:06:23 GMT" time="15.108" errors="0">
  <testcase name="test" time="15.108" classname="test_Scripts.Olx_TC_01"/>
</testsuite> <!-- test_Scripts.Olx_TC_01 -->
